# JRE version: OpenJDK Runtime Environment (11.0.10) (build 11.0.10+0-b96-7249189)
# Java VM: OpenJDK 64-Bit Server VM (11.0.10+0-b96-7249189, mixed mode, tiered, compressed oops, g1 gc, windows-amd64)
Heap:
 garbage-first heap   total 189440K, used 121065K [0x0000000080000000, 0x0000000100000000)
  region size 1024K, 55 young (56320K), 11 survivors (11264K)
 Metaspace       used 81472K, capacity 83540K, committed 83788K, reserved 1122304K
  class space    used 10550K, capacity 11307K, committed 11340K, reserved 1048576K
GC Heap History (20 events):
Event: 3.482 GC heap before
{Heap before GC invocations=6 (full 0):
 garbage-first heap   total 131072K, used 66229K [0x0000000080000000, 0x0000000100000000)
  region size 1024K, 49 young (50176K), 1 survivors (1024K)
 Metaspace       used 25655K, capacity 26290K, committed 26496K, reserved 1073152K
  class space    used 3355K, capacity 3598K, committed 3712K, reserved 1048576K
}
Event: 3.486 GC heap after
{Heap after GC invocations=7 (full 0):
 garbage-first heap   total 157696K, used 18698K [0x0000000080000000, 0x0000000100000000)
  region size 1024K, 3 young (3072K), 3 survivors (3072K)
 Metaspace       used 25655K, capacity 26290K, committed 26496K, reserved 1073152K
  class space    used 3355K, capacity 3598K, committed 3712K, reserved 1048576K
}
Event: 4.405 GC heap before
{Heap before GC invocations=7 (full 0):
 garbage-first heap   total 157696K, used 79114K [0x0000000080000000, 0x0000000100000000)
  region size 1024K, 63 young (64512K), 3 survivors (3072K)
 Metaspace       used 35056K, capacity 35829K, committed 35840K, reserved 1081344K
  class space    used 4540K, capacity 4864K, committed 4864K, reserved 1048576K
}
Event: 4.413 GC heap after
{Heap after GC invocations=8 (full 0):
 garbage-first heap   total 157696K, used 22291K [0x0000000080000000, 0x0000000100000000)
  region size 1024K, 6 young (6144K), 6 survivors (6144K)
 Metaspace       used 35056K, capacity 35829K, committed 35840K, reserved 1081344K
  class space    used 4540K, capacity 4864K, committed 4864K, reserved 1048576K
}
Event: 5.154 GC heap before
{Heap before GC invocations=9 (full 0):
 garbage-first heap   total 157696K, used 98067K [0x0000000080000000, 0x0000000100000000)
  region size 1024K, 77 young (78848K), 6 survivors (6144K)
 Metaspace       used 40377K, capacity 41328K, committed 41420K, reserved 1085440K
  class space    used 5192K, capacity 5533K, committed 5580K, reserved 1048576K
}
Event: 5.168 GC heap after
{Heap after GC invocations=10 (full 0):
 garbage-first heap   total 157696K, used 27442K [0x0000000080000000, 0x0000000100000000)
  region size 1024K, 9 young (9216K), 9 survivors (9216K)
 Metaspace       used 40377K, capacity 41328K, committed 41420K, reserved 1085440K
  class space    used 5192K, capacity 5533K, committed 5580K, reserved 1048576K
}
Event: 6.146 GC heap before
{Heap before GC invocations=10 (full 0):
 garbage-first heap   total 157696K, used 102194K [0x0000000080000000, 0x0000000100000000)
  region size 1024K, 82 young (83968K), 9 survivors (9216K)
 Metaspace       used 46608K, capacity 47850K, committed 47948K, reserved 1091584K
  class space    used 5969K, capacity 6407K, committed 6476K, reserved 1048576K
}
Event: 6.161 GC heap after
{Heap after GC invocations=11 (full 0):
 garbage-first heap   total 157696K, used 29984K [0x0000000080000000, 0x0000000100000000)
  region size 1024K, 8 young (8192K), 8 survivors (8192K)
 Metaspace       used 46608K, capacity 47850K, committed 47948K, reserved 1091584K
  class space    used 5969K, capacity 6407K, committed 6476K, reserved 1048576K
}
Event: 8.178 GC heap before
{Heap before GC invocations=11 (full 0):
 garbage-first heap   total 157696K, used 118048K [0x0000000080000000, 0x0000000100000000)
  region size 1024K, 91 young (93184K), 8 survivors (8192K)
 Metaspace       used 55655K, capacity 57019K, committed 57292K, reserved 1099776K
  class space    used 7044K, capacity 7544K, committed 7628K, reserved 1048576K
}
Event: 8.197 GC heap after
{Heap after GC invocations=12 (full 0):
 garbage-first heap   total 157696K, used 43306K [0x0000000080000000, 0x0000000100000000)
  region size 1024K, 12 young (12288K), 12 survivors (12288K)
 Metaspace       used 55655K, capacity 57019K, committed 57292K, reserved 1099776K
  class space    used 7044K, capacity 7544K, committed 7628K, reserved 1048576K
}
Event: 9.306 GC heap before
{Heap before GC invocations=12 (full 0):
 garbage-first heap   total 157696K, used 60714K [0x0000000080000000, 0x0000000100000000)
  region size 1024K, 30 young (30720K), 12 survivors (12288K)
 Metaspace       used 58693K, capacity 60216K, committed 60236K, reserved 1101824K
  class space    used 7440K, capacity 7993K, committed 8012K, reserved 1048576K
}
Event: 9.323 GC heap after
{Heap after GC invocations=13 (full 0):
 garbage-first heap   total 189440K, used 45813K [0x0000000080000000, 0x0000000100000000)
  region size 1024K, 3 young (3072K), 3 survivors (3072K)
 Metaspace       used 58693K, capacity 60216K, committed 60236K, reserved 1101824K
  class space    used 7440K, capacity 7993K, committed 8012K, reserved 1048576K
}
Event: 10.366 GC heap before
{Heap before GC invocations=14 (full 0):
 garbage-first heap   total 189440K, used 116469K [0x0000000080000000, 0x0000000100000000)
  region size 1024K, 72 young (73728K), 3 survivors (3072K)
 Metaspace       used 63266K, capacity 64860K, committed 64972K, reserved 1105920K
  class space    used 8044K, capacity 8632K, committed 8652K, reserved 1048576K
}
Event: 10.374 GC heap after
{Heap after GC invocations=15 (full 0):
 garbage-first heap   total 189440K, used 50891K [0x0000000080000000, 0x0000000100000000)
  region size 1024K, 8 young (8192K), 8 survivors (8192K)
 Metaspace       used 63266K, capacity 64860K, committed 64972K, reserved 1105920K
  class space    used 8044K, capacity 8632K, committed 8652K, reserved 1048576K
}
Event: 12.301 GC heap before
{Heap before GC invocations=15 (full 0):
 garbage-first heap   total 189440K, used 123595K [0x0000000080000000, 0x0000000100000000)
  region size 1024K, 79 young (80896K), 8 survivors (8192K)
 Metaspace       used 71393K, capacity 73116K, committed 73292K, reserved 1112064K
  class space    used 9324K, capacity 9924K, committed 10060K, reserved 1048576K
}
Event: 12.312 GC heap after
{Heap after GC invocations=16 (full 0):
 garbage-first heap   total 189440K, used 54972K [0x0000000080000000, 0x0000000100000000)
  region size 1024K, 4 young (4096K), 4 survivors (4096K)
 Metaspace       used 71393K, capacity 73116K, committed 73292K, reserved 1112064K
  class space    used 9324K, capacity 9924K, committed 10060K, reserved 1048576K
}
Event: 14.762 GC heap before
{Heap before GC invocations=16 (full 0):
 garbage-first heap   total 189440K, used 129724K [0x0000000080000000, 0x0000000100000000)
  region size 1024K, 77 young (78848K), 4 survivors (4096K)
 Metaspace       used 79031K, capacity 81057K, committed 81228K, reserved 1120256K
  class space    used 10316K, capacity 11050K, committed 11084K, reserved 1048576K
}
Event: 14.772 GC heap after
{Heap after GC invocations=17 (full 0):
 garbage-first heap   total 189440K, used 59959K [0x0000000080000000, 0x0000000100000000)
  region size 1024K, 9 young (9216K), 9 survivors (9216K)
 Metaspace       used 79031K, capacity 81057K, committed 81228K, reserved 1120256K
  class space    used 10316K, capacity 11050K, committed 11084K, reserved 1048576K
}
Event: 26.067 GC heap before
{Heap before GC invocations=17 (full 0):
 garbage-first heap   total 189440K, used 133687K [0x0000000080000000, 0x0000000100000000)
  region size 1024K, 82 young (83968K), 9 survivors (9216K)
 Metaspace       used 80995K, capacity 83083K, committed 83276K, reserved 1122304K
  class space    used 10516K, capacity 11305K, committed 11340K, reserved 1048576K
}
Event: 26.089 GC heap after
{Heap after GC invocations=18 (full 0):
 garbage-first heap   total 189440K, used 67817K [0x0000000080000000, 0x0000000100000000)
  region size 1024K, 11 young (11264K), 11 survivors (11264K)
 Metaspace       used 80995K, capacity 83083K, committed 83276K, reserved 1122304K
  class space    used 10516K, capacity 11305K, committed 11340K, reserved 1048576K
}

